<?xml version="1.0" encoding="UTF-8"?>
<testsuite xmlns:xsi="http://www.w3.org/2001/XMLSchema-instance" xsi:noNamespaceSchemaLocation="https://maven.apache.org/surefire/maven-surefire-plugin/xsd/surefire-test-report.xsd" name="es.ull.passengers.TestPassengers" time="0.01" tests="20" errors="0" skipped="0" failures="0">
  <properties>
    <property name="java.specification.version" value="17"/>
    <property name="sun.cpu.isalist" value="amd64"/>
    <property name="sun.jnu.encoding" value="Cp1252"/>
    <property name="java.class.path" value="C:\DAP\LDyH-P7\Airport\target\test-classes;C:\DAP\LDyH-P7\Airport\target\classes;C:\Users\Curiosity 4\.m2\repository\org\junit\jupiter\junit-jupiter-api\5.6.0\junit-jupiter-api-5.6.0.jar;C:\Users\Curiosity 4\.m2\repository\org\apiguardian\apiguardian-api\1.1.0\apiguardian-api-1.1.0.jar;C:\Users\Curiosity 4\.m2\repository\org\opentest4j\opentest4j\1.2.0\opentest4j-1.2.0.jar;C:\Users\Curiosity 4\.m2\repository\org\junit\platform\junit-platform-commons\1.6.0\junit-platform-commons-1.6.0.jar;C:\Users\Curiosity 4\.m2\repository\org\junit\jupiter\junit-jupiter-engine\5.6.0\junit-jupiter-engine-5.6.0.jar;C:\Users\Curiosity 4\.m2\repository\org\junit\platform\junit-platform-engine\1.6.0\junit-platform-engine-1.6.0.jar;"/>
    <property name="java.vm.vendor" value="Oracle Corporation"/>
    <property name="sun.arch.data.model" value="64"/>
    <property name="user.variant" value=""/>
    <property name="java.vendor.url" value="https://java.oracle.com/"/>
    <property name="user.timezone" value="Atlantic/Canary"/>
    <property name="os.name" value="Windows 10"/>
    <property name="java.vm.specification.version" value="17"/>
    <property name="sun.java.launcher" value="SUN_STANDARD"/>
    <property name="user.country" value="ES"/>
    <property name="sun.boot.library.path" value="C:\Program Files\Java\jdk-17\bin"/>
    <property name="sun.java.command" value="C:\Users\CURIOS~1\AppData\Local\Temp\surefire17941456059332837872\surefirebooter8946042181549518498.jar C:\Users\Curiosity 4\AppData\Local\Temp\surefire17941456059332837872 2024-12-22T19-08-57_104-jvmRun1 surefire14545591550572981525tmp surefire_09321178631209934226tmp"/>
    <property name="jdk.debug" value="release"/>
    <property name="surefire.test.class.path" value="C:\DAP\LDyH-P7\Airport\target\test-classes;C:\DAP\LDyH-P7\Airport\target\classes;C:\Users\Curiosity 4\.m2\repository\org\junit\jupiter\junit-jupiter-api\5.6.0\junit-jupiter-api-5.6.0.jar;C:\Users\Curiosity 4\.m2\repository\org\apiguardian\apiguardian-api\1.1.0\apiguardian-api-1.1.0.jar;C:\Users\Curiosity 4\.m2\repository\org\opentest4j\opentest4j\1.2.0\opentest4j-1.2.0.jar;C:\Users\Curiosity 4\.m2\repository\org\junit\platform\junit-platform-commons\1.6.0\junit-platform-commons-1.6.0.jar;C:\Users\Curiosity 4\.m2\repository\org\junit\jupiter\junit-jupiter-engine\5.6.0\junit-jupiter-engine-5.6.0.jar;C:\Users\Curiosity 4\.m2\repository\org\junit\platform\junit-platform-engine\1.6.0\junit-platform-engine-1.6.0.jar;"/>
    <property name="sun.cpu.endian" value="little"/>
    <property name="user.home" value="C:\Users\Curiosity 4"/>
    <property name="user.language" value="es"/>
    <property name="java.specification.vendor" value="Oracle Corporation"/>
    <property name="java.version.date" value="2024-04-16"/>
    <property name="java.home" value="C:\Program Files\Java\jdk-17"/>
    <property name="file.separator" value="\"/>
    <property name="basedir" value="C:\DAP\LDyH-P7\Airport"/>
    <property name="java.vm.compressedOopsMode" value="32-bit"/>
    <property name="line.separator" value="&#10;"/>
    <property name="java.vm.specification.vendor" value="Oracle Corporation"/>
    <property name="java.specification.name" value="Java Platform API Specification"/>
    <property name="surefire.real.class.path" value="C:\Users\CURIOS~1\AppData\Local\Temp\surefire17941456059332837872\surefirebooter8946042181549518498.jar"/>
    <property name="user.script" value=""/>
    <property name="sun.management.compiler" value="HotSpot 64-Bit Tiered Compilers"/>
    <property name="java.runtime.version" value="17.0.11+7-LTS-207"/>
    <property name="user.name" value="Maria_FD"/>
    <property name="path.separator" value=";"/>
    <property name="os.version" value="10.0"/>
    <property name="java.runtime.name" value="Java(TM) SE Runtime Environment"/>
    <property name="file.encoding" value="Cp1252"/>
    <property name="java.vm.name" value="Java HotSpot(TM) 64-Bit Server VM"/>
    <property name="localRepository" value="C:\Users\Curiosity 4\.m2\repository"/>
    <property name="java.vendor.url.bug" value="https://bugreport.java.com/bugreport/"/>
    <property name="java.io.tmpdir" value="C:\Users\CURIOS~1\AppData\Local\Temp\"/>
    <property name="java.version" value="17.0.11"/>
    <property name="user.dir" value="C:\DAP\LDyH-P7\Airport"/>
    <property name="os.arch" value="amd64"/>
    <property name="java.vm.specification.name" value="Java Virtual Machine Specification"/>
    <property name="sun.os.patch.level" value=""/>
    <property name="native.encoding" value="Cp1252"/>
    <property name="java.library.path" value="C:\Program Files\Java\jdk-17\bin;C:\WINDOWS\Sun\Java\bin;C:\WINDOWS\system32;C:\WINDOWS;C:\Program Files\Common Files\Oracle\Java\javapath;C:\Program Files (x86)\Common Files\Oracle\Java\javapath;C:\WINDOWS\system32;C:\WINDOWS;C:\WINDOWS\System32\Wbem;C:\WINDOWS\System32\WindowsPowerShell\v1.0\;C:\WINDOWS\System32\OpenSSH\;C:\Program Files\Intel\WiFi\bin\;C:\Program Files\Common Files\Intel\WirelessCommon\;C:\Program Files (x86)\IVI Foundation\VISA\WinNT\Bin;C:\Program Files (x86)\Intel\Intel(R) Management Engine Components\DAL;C:\Program Files\Intel\Intel(R) Management Engine Components\DAL;C:\Program Files\Git\cmd;C:\Program Files\AutoFirma\AutoFirma;C:\SonarQube\sonar-scanner-6.2.1.4610-windows-x64\bin\;C:\Program Files\doxygen\bin;C:\Program Files\Graphviz\bin;C:\Maven\apache-maven-3.8.8-bin;C:\apache-maven-3.9.9-bin\apache-maven-3.9.9\bin;C:\Users\Maria\AppData\Local\Programs\Microsoft VS Code\bin;C:\Users\Curiosity 4\AppData\Local\Microsoft\WindowsApps;C:\Users\Curiosity 4\AppData\Local\Programs\Microsoft VS Code\bin;."/>
    <property name="java.vm.info" value="mixed mode, sharing"/>
    <property name="java.vendor" value="Oracle Corporation"/>
    <property name="java.vm.version" value="17.0.11+7-LTS-207"/>
    <property name="sun.io.unicode.encoding" value="UnicodeLittle"/>
    <property name="java.class.version" value="61.0"/>
  </properties>
  <testcase name="testCountryCode" classname="es.ull.passengers.TestPassengers" time="0"/>
  <testcase name="testStringId" classname="es.ull.passengers.TestPassengers" time="0"/>
  <testcase name="testAdd" classname="es.ull.passengers.TestPassengers" time="0"/>
  <testcase name="testSwitchFlights" classname="es.ull.passengers.TestPassengers" time="0"/>
  <testcase name="testFlightNumber" classname="es.ull.passengers.TestPassengers" time="0"/>
  <testcase name="testJoinFlightSuccessfully" classname="es.ull.passengers.TestPassengers" time="0"/>
  <testcase name="testName" classname="es.ull.passengers.TestPassengers" time="0"/>
  <testcase name="testToString" classname="es.ull.passengers.TestPassengers" time="0"/>
  <testcase name="testPassengerEquality" classname="es.ull.passengers.TestPassengers" time="0"/>
  <testcase name="testPassenger" classname="es.ull.passengers.TestPassengers" time="0"/>
  <testcase name="testFlightEquality" classname="es.ull.passengers.TestPassengers" time="0"/>
  <testcase name="testFlightPassengerCount" classname="es.ull.passengers.TestPassengers" time="0"/>
  <testcase name="testInvalidCountryCode" classname="es.ull.passengers.TestPassengers" time="0"/>
  <testcase name="testFlightPassengerCountExceedingCapacity" classname="es.ull.passengers.TestPassengers" time="0"/>
  <testcase name="testFlightRemovePassenger" classname="es.ull.passengers.TestPassengers" time="0.001"/>
  <testcase name="testFlightAddPassenger" classname="es.ull.passengers.TestPassengers" time="0"/>
  <testcase name="testValidPassengerCreation" classname="es.ull.passengers.TestPassengers" time="0"/>
  <testcase name="testFlight" classname="es.ull.passengers.TestPassengers" time="0"/>
  <testcase name="testFlightPassengers" classname="es.ull.passengers.TestPassengers" time="0"/>
  <testcase name="testLeaveFlight" classname="es.ull.passengers.TestPassengers" time="0"/>
</testsuite>